d:\4info\miv\projectmiv\projectmiv2017\msvs\libsimu\debug\libsimu.pdb
d:\4info\miv\projectmiv\projectmiv2017\msvs\libsimu\debug\libsimu.idb
d:\4info\miv\projectmiv\projectmiv2017\msvs\libsimu\debug\display.obj
d:\4info\miv\projectmiv\projectmiv2017\msvs\libsimu\debug\glextents.obj
d:\4info\miv\projectmiv\projectmiv2017\msvs\libsimu\debug\meshcontainer.obj
d:\4info\miv\projectmiv\projectmiv2017\msvs\libsimu\debug\message.obj
d:\4info\miv\projectmiv\projectmiv2017\msvs\libsimu\debug\stringextension.obj
d:\4info\miv\projectmiv\projectmiv2017\msvs\libsimu\debug\uniformgrid.obj
d:\4info\miv\projectmiv\projectmiv2017\msvs\libsimu\debug\axisalignedbox.obj
d:\4info\miv\projectmiv\projectmiv2017\msvs\libsimu\debug\matrix.obj
d:\4info\miv\projectmiv\projectmiv2017\msvs\libsimu\debug\matrix3.obj
d:\4info\miv\projectmiv\projectmiv2017\msvs\libsimu\debug\matrix4.obj
d:\4info\miv\projectmiv\projectmiv2017\msvs\libsimu\debug\mymath.obj
d:\4info\miv\projectmiv\projectmiv2017\msvs\libsimu\debug\omath.obj
d:\4info\miv\projectmiv\projectmiv2017\msvs\libsimu\debug\plane.obj
d:\4info\miv\projectmiv\projectmiv2017\msvs\libsimu\debug\quaternion.obj
d:\4info\miv\projectmiv\projectmiv2017\msvs\libsimu\debug\vector2.obj
d:\4info\miv\projectmiv\projectmiv2017\msvs\libsimu\debug\vector3.obj
d:\4info\miv\projectmiv\projectmiv2017\msvs\libsimu\debug\vector4.obj
d:\4info\miv\projectmiv\projectmiv2017\bin\debug\libsimu.lib
d:\4info\miv\projectmiv\projectmiv2017\bin\debug\libsimu.pdb
d:\4info\miv\projectmiv\projectmiv2017\msvs\libsimu\debug\libsimu.tlog\cl.command.1.tlog
d:\4info\miv\projectmiv\projectmiv2017\msvs\libsimu\debug\libsimu.tlog\cl.read.1.tlog
d:\4info\miv\projectmiv\projectmiv2017\msvs\libsimu\debug\libsimu.tlog\cl.write.1.tlog
d:\4info\miv\projectmiv\projectmiv2017\msvs\libsimu\debug\libsimu.tlog\lib-link.read.1.tlog
d:\4info\miv\projectmiv\projectmiv2017\msvs\libsimu\debug\libsimu.tlog\lib-link.write.1.tlog
d:\4info\miv\projectmiv\projectmiv2017\msvs\libsimu\debug\libsimu.tlog\lib.command.1.tlog
